[0m21:58:14  Running with dbt=1.11.6
[0m21:58:22  Registered adapter: bigquery=1.11.0
[0m21:58:23  Found 10 models, 8 sources, 653 macros
[0m21:58:23  
[0m21:58:23  Concurrency: 4 threads (target='dev')
[0m21:58:23  
[0m21:58:26  1 of 10 START sql table model dw_dw.dim_date ................................... [RUN]
[0m21:58:26  2 of 10 START sql view model dw_stg_olist.stg_customers ........................ [RUN]
[0m21:58:26  3 of 10 START sql view model dw_stg_olist.stg_order_items ...................... [RUN]
[0m21:58:26  4 of 10 START sql view model dw_stg_olist.stg_orders ........................... [RUN]
[0m21:58:28  4 of 10 OK created sql view model dw_stg_olist.stg_orders ...................... [[32mCREATE VIEW (0 processed)[0m in 2.18s]
[0m21:58:28  3 of 10 OK created sql view model dw_stg_olist.stg_order_items ................. [[32mCREATE VIEW (0 processed)[0m in 2.19s]
[0m21:58:28  2 of 10 OK created sql view model dw_stg_olist.stg_customers ................... [[32mCREATE VIEW (0 processed)[0m in 2.19s]
[0m21:58:28  5 of 10 START sql view model dw_stg_olist.stg_products ......................... [RUN]
[0m21:58:28  6 of 10 START sql view model dw_stg_olist.stg_sellers .......................... [RUN]
[0m21:58:28  7 of 10 START sql table model dw_dw.dim_customer ............................... [RUN]
[0m21:58:30  1 of 10 OK created sql table model dw_dw.dim_date .............................. [[32mCREATE TABLE (1.1k rows, 0 processed)[0m in 3.43s]
[0m21:58:30  5 of 10 OK created sql view model dw_stg_olist.stg_products .................... [[32mCREATE VIEW (0 processed)[0m in 1.39s]
[0m21:58:30  8 of 10 START sql table model dw_dw.dim_product ................................ [RUN]
[0m21:58:30  6 of 10 OK created sql view model dw_stg_olist.stg_sellers ..................... [[32mCREATE VIEW (0 processed)[0m in 1.43s]
[0m21:58:30  9 of 10 START sql table model dw_dw.dim_seller ................................. [RUN]
[0m21:58:34  9 of 10 OK created sql table model dw_dw.dim_seller ............................ [[32mCREATE TABLE (3.1k rows, 175.8 KiB processed)[0m in 3.69s]
[0m21:58:34  8 of 10 OK created sql table model dw_dw.dim_product ........................... [[32mCREATE TABLE (33.0k rows, 3.3 MiB processed)[0m in 4.25s]
[0m21:58:35  7 of 10 OK created sql table model dw_dw.dim_customer .......................... [[32mCREATE TABLE (99.4k rows, 21.8 MiB processed)[0m in 7.06s]
[0m21:58:35  10 of 10 START sql table model dw_dw.fact_order_items .......................... [RUN]
[0m21:58:40  10 of 10 OK created sql table model dw_dw.fact_order_items ..................... [[32mCREATE TABLE (112.7k rows, 32.1 MiB processed)[0m in 4.50s]
[0m21:58:40  
[0m21:58:40  Finished running 5 table models, 5 view models in 0 hours 0 minutes and 16.54 seconds (16.54s).
[0m21:58:40  
[0m21:58:40  [32mCompleted successfully[0m
[0m21:58:40  
[0m21:58:40  Done. PASS=10 WARN=0 ERROR=0 SKIP=0 NO-OP=0 TOTAL=10
