[32m2026-03-11 05:58:09 +0800[0m - dagster - [34mDEBUG[0m - olist_elt_job - 4e683202-2307-423b-9ee2-f8c6d4aea9a7 - 79868 - LOGS_CAPTURED - Started capturing logs in process (pid: 79868).
[32m2026-03-11 05:58:09 +0800[0m - dagster - [34mDEBUG[0m - olist_elt_job - 4e683202-2307-423b-9ee2-f8c6d4aea9a7 - 79868 - dbt_run_op - STEP_START - Started execution of step "dbt_run_op".
[32m2026-03-11 05:58:09 +0800[0m - dagster - [34mDEBUG[0m - olist_elt_job - 4e683202-2307-423b-9ee2-f8c6d4aea9a7 - dbt_run_op - Loading file from: /home/teoyongsong/olist-data-pipeline_bigquery/.tmp_dagster_home_vj1y5gig/storage/4e683202-2307-423b-9ee2-f8c6d4aea9a7/ingest_op/result using PickledObjectFilesystemIOManager...
[32m2026-03-11 05:58:09 +0800[0m - dagster - [34mDEBUG[0m - olist_elt_job - 4e683202-2307-423b-9ee2-f8c6d4aea9a7 - 79868 - dbt_run_op - LOADED_INPUT - Loaded input "_previous" using input manager "io_manager", from output "result" of step "ingest_op"
[32m2026-03-11 05:58:09 +0800[0m - dagster - [34mDEBUG[0m - olist_elt_job - 4e683202-2307-423b-9ee2-f8c6d4aea9a7 - 79868 - dbt_run_op - STEP_INPUT - Got input "_previous" of type "Any". (Type check passed).
/home/teoyongsong/miniconda3/envs/olist-bq/lib/python3.10/site-packages/google/api_core/_python_version_support.py:275: FutureWarning: You are using a Python version (3.10.19) which Google will stop supporting in new releases of google.api_core once it reaches its end of life (2026-10-04). Please upgrade to the latest Python version, or at least Python 3.11, to continue receiving updates for google.api_core past that date.
  warnings.warn(message, FutureWarning)
/home/teoyongsong/miniconda3/envs/olist-bq/lib/python3.10/site-packages/google/api_core/_python_version_support.py:275: FutureWarning: You are using a Python version (3.10.19) which Google will stop supporting in new releases of google.cloud.aiplatform_v1 once it reaches its end of life (2026-10-04). Please upgrade to the latest Python version, or at least Python 3.11, to continue receiving updates for google.cloud.aiplatform_v1 past that date.
  warnings.warn(message, FutureWarning)
/home/teoyongsong/miniconda3/envs/olist-bq/lib/python3.10/site-packages/google/api_core/_python_version_support.py:275: FutureWarning: You are using a Python version (3.10.19) which Google will stop supporting in new releases of google.cloud.dataproc_v1 once it reaches its end of life (2026-10-04). Please upgrade to the latest Python version, or at least Python 3.11, to continue receiving updates for google.cloud.dataproc_v1 past that date.
  warnings.warn(message, FutureWarning)
/home/teoyongsong/miniconda3/envs/olist-bq/lib/python3.10/site-packages/google/api_core/_python_version_support.py:275: FutureWarning: You are using a Python version (3.10.19) which Google will stop supporting in new releases of google.cloud.aiplatform_v1beta1 once it reaches its end of life (2026-10-04). Please upgrade to the latest Python version, or at least Python 3.11, to continue receiving updates for google.cloud.aiplatform_v1beta1 past that date.
  warnings.warn(message, FutureWarning)
/home/teoyongsong/miniconda3/envs/olist-bq/lib/python3.10/site-packages/google/api_core/_python_version_support.py:275: FutureWarning: You are using a Python version (3.10.19) which Google will stop supporting in new releases of google.cloud.resourcemanager_v3 once it reaches its end of life (2026-10-04). Please upgrade to the latest Python version, or at least Python 3.11, to continue receiving updates for google.cloud.resourcemanager_v3 past that date.
  warnings.warn(message, FutureWarning)
/home/teoyongsong/miniconda3/envs/olist-bq/lib/python3.10/site-packages/google/api_core/_python_version_support.py:275: FutureWarning: You are using a Python version (3.10.19) which Google will stop supporting in new releases of google.cloud.aiplatform.v1.schema.predict.instance_v1 once it reaches its end of life (2026-10-04). Please upgrade to the latest Python version, or at least Python 3.11, to continue receiving updates for google.cloud.aiplatform.v1.schema.predict.instance_v1 past that date.
  warnings.warn(message, FutureWarning)
/home/teoyongsong/miniconda3/envs/olist-bq/lib/python3.10/site-packages/google/api_core/_python_version_support.py:275: FutureWarning: You are using a Python version (3.10.19) which Google will stop supporting in new releases of google.cloud.aiplatform.v1.schema.predict.params_v1 once it reaches its end of life (2026-10-04). Please upgrade to the latest Python version, or at least Python 3.11, to continue receiving updates for google.cloud.aiplatform.v1.schema.predict.params_v1 past that date.
  warnings.warn(message, FutureWarning)
/home/teoyongsong/miniconda3/envs/olist-bq/lib/python3.10/site-packages/google/api_core/_python_version_support.py:275: FutureWarning: You are using a Python version (3.10.19) which Google will stop supporting in new releases of google.cloud.aiplatform.v1.schema.predict.prediction_v1 once it reaches its end of life (2026-10-04). Please upgrade to the latest Python version, or at least Python 3.11, to continue receiving updates for google.cloud.aiplatform.v1.schema.predict.prediction_v1 past that date.
  warnings.warn(message, FutureWarning)
/home/teoyongsong/miniconda3/envs/olist-bq/lib/python3.10/site-packages/google/api_core/_python_version_support.py:275: FutureWarning: You are using a Python version (3.10.19) which Google will stop supporting in new releases of google.cloud.aiplatform.v1.schema.trainingjob.definition_v1 once it reaches its end of life (2026-10-04). Please upgrade to the latest Python version, or at least Python 3.11, to continue receiving updates for google.cloud.aiplatform.v1.schema.trainingjob.definition_v1 past that date.
  warnings.warn(message, FutureWarning)
/home/teoyongsong/miniconda3/envs/olist-bq/lib/python3.10/site-packages/google/api_core/_python_version_support.py:275: FutureWarning: You are using a Python version (3.10.19) which Google will stop supporting in new releases of google.cloud.aiplatform.v1beta1.schema.predict.instance_v1beta1 once it reaches its end of life (2026-10-04). Please upgrade to the latest Python version, or at least Python 3.11, to continue receiving updates for google.cloud.aiplatform.v1beta1.schema.predict.instance_v1beta1 past that date.
  warnings.warn(message, FutureWarning)
/home/teoyongsong/miniconda3/envs/olist-bq/lib/python3.10/site-packages/google/api_core/_python_version_support.py:275: FutureWarning: You are using a Python version (3.10.19) which Google will stop supporting in new releases of google.cloud.aiplatform.v1beta1.schema.predict.params_v1beta1 once it reaches its end of life (2026-10-04). Please upgrade to the latest Python version, or at least Python 3.11, to continue receiving updates for google.cloud.aiplatform.v1beta1.schema.predict.params_v1beta1 past that date.
  warnings.warn(message, FutureWarning)
/home/teoyongsong/miniconda3/envs/olist-bq/lib/python3.10/site-packages/google/api_core/_python_version_support.py:275: FutureWarning: You are using a Python version (3.10.19) which Google will stop supporting in new releases of google.cloud.aiplatform.v1beta1.schema.predict.prediction_v1beta1 once it reaches its end of life (2026-10-04). Please upgrade to the latest Python version, or at least Python 3.11, to continue receiving updates for google.cloud.aiplatform.v1beta1.schema.predict.prediction_v1beta1 past that date.
  warnings.warn(message, FutureWarning)
/home/teoyongsong/miniconda3/envs/olist-bq/lib/python3.10/site-packages/google/api_core/_python_version_support.py:275: FutureWarning: You are using a Python version (3.10.19) which Google will stop supporting in new releases of google.cloud.aiplatform.v1beta1.schema.trainingjob.definition_v1beta1 once it reaches its end of life (2026-10-04). Please upgrade to the latest Python version, or at least Python 3.11, to continue receiving updates for google.cloud.aiplatform.v1beta1.schema.trainingjob.definition_v1beta1 past that date.
  warnings.warn(message, FutureWarning)
[32m2026-03-11 05:58:44 +0800[0m - dagster - [34mDEBUG[0m - olist_elt_job - 4e683202-2307-423b-9ee2-f8c6d4aea9a7 - 79868 - dbt_run_op - STEP_OUTPUT - Yielded output "result" of type "Any". (Type check passed).
[32m2026-03-11 05:58:44 +0800[0m - dagster - [34mDEBUG[0m - olist_elt_job - 4e683202-2307-423b-9ee2-f8c6d4aea9a7 - dbt_run_op - Writing file at: /home/teoyongsong/olist-data-pipeline_bigquery/.tmp_dagster_home_vj1y5gig/storage/4e683202-2307-423b-9ee2-f8c6d4aea9a7/dbt_run_op/result using PickledObjectFilesystemIOManager...
[32m2026-03-11 05:58:44 +0800[0m - dagster - [34mDEBUG[0m - olist_elt_job - 4e683202-2307-423b-9ee2-f8c6d4aea9a7 - 79868 - dbt_run_op - HANDLED_OUTPUT - Handled output "result" using IO manager "io_manager"
[32m2026-03-11 05:58:44 +0800[0m - dagster - [34mDEBUG[0m - olist_elt_job - 4e683202-2307-423b-9ee2-f8c6d4aea9a7 - 79868 - dbt_run_op - STEP_SUCCESS - Finished execution of step "dbt_run_op" in 37.31s.
